<?xml version="1.0" encoding="UTF-8"?>
<!-- Generated by org.testng.reporters.JUnitReportReporter -->
<testsuite hostname="DESKTOP-7I75QG5" failures="0" tests="1" name="TestCase.FirstTest" time="0.009" errors="0" timestamp="27 Feb. 2021 21:34:36 GMT" skipped="0">
  <testcase classname="TestCase.FirstTest" name="first" time="0.009"/>
</testsuite> <!-- TestCase.FirstTest -->
