<?xml version="1.0" encoding="UTF-8"?>
<!-- Generated by org.testng.reporters.JUnitReportReporter -->
<testsuite hostname="DESKTOP-7I75QG5" failures="0" tests="1" name="TestCase.FourthTest" time="0.001" errors="0" timestamp="27 Feb. 2021 21:34:36 GMT" skipped="0">
  <testcase classname="TestCase.FourthTest" name="first" time="0.001"/>
</testsuite> <!-- TestCase.FourthTest -->
